<?xml version="1.0" encoding="UTF-8"?>
<!-- Generated by org.testng.reporters.JUnitReportReporter -->
<testsuite hostname="md2f9j9c" failures="0" tests="1" name="Academy.E2EProject.SauceLabTests" time="12.470" errors="0" timestamp="2021-08-27T07:03:12 IST" skipped="0">
  <testcase classname="Academy.E2EProject.SauceLabTests" name="SauceLabOne" time="12.470"/>
  <system-out/>
</testsuite> <!-- Academy.E2EProject.SauceLabTests -->
