<?xml version="1.0" encoding="UTF-8"?>
<!-- Generated by org.testng.reporters.JUnitReportReporter -->
<testsuite hostname="md2f9j9c" failures="0" tests="2" name="Academy.E2EProject.HomePage" time="3.710" errors="0" timestamp="2021-08-26T11:44:52 IST" skipped="0">
  <testcase classname="Academy.E2EProject.HomePage" name="basePageNavigation" time="2.180"/>
  <system-out/>
  <testcase classname="Academy.E2EProject.HomePage" name="basePageNavigation" time="1.530"/>
  <system-out/>
</testsuite> <!-- Academy.E2EProject.HomePage -->
