<?xml version="1.0" encoding="UTF-8"?>
<!-- Generated by org.testng.reporters.JUnitReportReporter -->
<testsuite hostname="md2f9j9c" failures="0" tests="1" name="Academy.E2EProject.validateNavigationBar" time="0.090" errors="0" timestamp="2021-08-26T11:44:52 IST" skipped="0">
  <testcase classname="Academy.E2EProject.validateNavigationBar" name="basePageNavigation" time="0.090"/>
  <system-out/>
</testsuite> <!-- Academy.E2EProject.validateNavigationBar -->
