<?xml version="1.0" encoding="UTF-8"?>
<!-- Generated by org.testng.reporters.JUnitReportReporter -->
<testsuite hostname="md2f9j9c" failures="0" tests="2" name="Academy.E2EProject.HomePageTest" time="3.612" errors="0" timestamp="2021-08-26T15:46:45 IST" skipped="0">
  <testcase classname="Academy.E2EProject.HomePageTest" name="basePageNavigation" time="2.190"/>
  <system-out/>
  <testcase classname="Academy.E2EProject.HomePageTest" name="basePageNavigation" time="1.422"/>
  <system-out/>
</testsuite> <!-- Academy.E2EProject.HomePageTest -->
