<?xml version="1.0" encoding="UTF-8"?>
<!-- Generated by org.testng.reporters.JUnitReportReporter -->
<testsuite hostname="md2f9j9c" failures="0" tests="1" name="Academy.E2EProject.validateNavigationBarTest" time="0.080" errors="0" timestamp="2021-08-26T15:46:45 IST" skipped="0">
  <testcase classname="Academy.E2EProject.validateNavigationBarTest" name="basePageNavigation" time="0.080"/>
  <system-out/>
</testsuite> <!-- Academy.E2EProject.validateNavigationBarTest -->
